<?xml version="1.0" encoding="UTF-8"?>
<testng-results ignored="0" total="1" passed="1" failed="0" skipped="0">
  <reporter-output>
  </reporter-output>
  <suite started-at="2022-10-30T13:06:13Z" name="Testing_Suite" finished-at="2022-10-30T13:06:52Z" duration-ms="39418">
    <groups>
      <group name="cucumber">
        <method signature="AbstractTestNGCucumberTests.feature(cucumber.api.testng.CucumberFeatureWrapper)[pri:0, instance:fortrainingapp.runners.Runner@662ac478]" name="feature" class="cucumber.api.testng.AbstractTestNGCucumberTests"/>
      </group> <!-- cucumber -->
    </groups>
    <test started-at="2022-10-30T13:06:13Z" name="RegressionTest" finished-at="2022-10-30T13:06:52Z" duration-ms="39418">
      <class name="fortrainingapp.runners.Runner">
        <test-method is-config="true" signature="setUpClass()[pri:0, instance:fortrainingapp.runners.Runner@662ac478]" started-at="2022-10-30T18:36:13Z" name="setUpClass" finished-at="2022-10-30T18:36:13Z" duration-ms="713" status="PASS">
          <reporter-output>
          </reporter-output>
        </test-method> <!-- setUpClass -->
        <test-method signature="feature(cucumber.api.testng.CucumberFeatureWrapper)[pri:0, instance:fortrainingapp.runners.Runner@662ac478]" started-at="2022-10-30T18:36:14Z" name="feature" description="Runs Cucumber Feature" data-provider="features" finished-at="2022-10-30T18:36:50Z" duration-ms="36090" status="PASS">
          <params>
            <param index="0">
              <value>
                <![CDATA[Login feature file]]>
              </value>
            </param>
          </params>
          <reporter-output>
          </reporter-output>
        </test-method> <!-- feature -->
        <test-method is-config="true" signature="setup()[pri:0, instance:fortrainingapp.runners.Runner@662ac478]" started-at="2022-10-30T18:36:50Z" name="setup" finished-at="2022-10-30T18:36:50Z" duration-ms="133" status="PASS">
          <reporter-output>
          </reporter-output>
        </test-method> <!-- setup -->
        <test-method is-config="true" signature="tearDownClass()[pri:0, instance:fortrainingapp.runners.Runner@662ac478]" started-at="2022-10-30T18:36:50Z" name="tearDownClass" finished-at="2022-10-30T18:36:52Z" duration-ms="2176" status="PASS">
          <reporter-output>
          </reporter-output>
        </test-method> <!-- tearDownClass -->
      </class> <!-- fortrainingapp.runners.Runner -->
    </test> <!-- RegressionTest -->
  </suite> <!-- Testing_Suite -->
</testng-results>
